<?xml version="1.0" encoding="UTF-8"?>
<!-- Generated by org.testng.reporters.JUnitReportReporter -->
<testsuite skipped="0" hostname="DESKTOP-F64TG9U" name="tests.TravelsCarsExtrasTest" tests="2" failures="0" timestamp="2019-12-13T15:14:59 CET" time="25.637" errors="0">
  <testcase name="newExtras" time="21.389" classname="tests.TravelsCarsExtrasTest"/>
  <testcase name="priceText" time="4.248" classname="tests.TravelsCarsExtrasTest"/>
</testsuite> <!-- tests.TravelsCarsExtrasTest -->
