<?xml version="1.0" encoding="UTF-8"?>
<!-- Generated by org.testng.reporters.JUnitReportReporter -->
<testsuite skipped="0" hostname="DESKTOP-F64TG9U" name="tests.TravelsCarsAddPhotoTest" tests="1" failures="0" timestamp="2019-12-14T13:49:37 CET" time="18.374" errors="0">
  <testcase name="addPhoto" time="18.374" classname="tests.TravelsCarsAddPhotoTest"/>
</testsuite> <!-- tests.TravelsCarsAddPhotoTest -->
