<?xml version="1.0" encoding="UTF-8"?>
<!-- Generated by org.testng.reporters.JUnitReportReporter -->
<testsuite skipped="0" hostname="DESKTOP-F64TG9U" name="tests.TravelsMenuTest" tests="7" failures="0" timestamp="2019-12-14T13:42:04 CET" time="23.006" errors="0">
  <testcase name="basicLogin" time="5.487" classname="tests.TravelsMenuTest"/>
  <testcase name="clickOnUpdatesCheck" time="3.414" classname="tests.TravelsMenuTest"/>
  <testcase name="clickOnModulesCheck" time="2.566" classname="tests.TravelsMenuTest"/>
  <testcase name="clickOnTourssCheck" time="3.829" classname="tests.TravelsMenuTest"/>
  <testcase name="clickOnCouponsCheck" time="2.657" classname="tests.TravelsMenuTest"/>
  <testcase name="clickOnNewsletterCheck" time="2.510" classname="tests.TravelsMenuTest"/>
  <testcase name="clickOnBookingsCheck" time="2.543" classname="tests.TravelsMenuTest"/>
</testsuite> <!-- tests.TravelsMenuTest -->
