<?xml version="1.0" encoding="UTF-8"?>
<!-- Generated by org.testng.reporters.JUnitReportReporter -->
<testsuite skipped="0" hostname="DESKTOP-F64TG9U" name="tests.JuzneVestiTest" tests="2" failures="0" timestamp="2019-11-27T15:45:13 CET" time="19.821" errors="0">
  <testcase name="ProkupljeTest" time="10.206" classname="tests.JuzneVestiTest"/>
  <testcase name="LeskovacTest" time="9.615" classname="tests.JuzneVestiTest"/>
</testsuite> <!-- tests.JuzneVestiTest -->
