<?xml version="1.0" encoding="UTF-8"?>
<!-- Generated by org.testng.reporters.JUnitReportReporter -->
<testsuite skipped="0" hostname="DESKTOP-F64TG9U" name="tests.TravelsCarsTest" tests="2" failures="0" timestamp="2019-12-07T19:35:34 CET" time="15.191" errors="0">
  <testcase name="totalNmbrOfRentedCars" time="6.286" classname="tests.TravelsCarsTest"/>
  <testcase name="nmbrOfRentedCars" time="8.905" classname="tests.TravelsCarsTest"/>
</testsuite> <!-- tests.TravelsCarsTest -->
