<?xml version="1.0" encoding="UTF-8"?>
<!-- Generated by org.testng.reporters.JUnitReportReporter -->
<testsuite skipped="0" hostname="DESKTOP-F64TG9U" name="provera.EbayShoesTest" tests="1" failures="0" timestamp="2019-11-24T17:42:33 CET" time="8.175" errors="0">
  <testcase name="Shoes" time="8.175" classname="provera.EbayShoesTest"/>
</testsuite> <!-- provera.EbayShoesTest -->
